ISim log file
Running: D:\XIMENA\Escritorio\arqui\nuevo proyecto\ext_sig_br\ext_sig_br_isim_beh.exe -intstyle ise -gui -tclbatch isim.cmd -wdb D:/XIMENA/Escritorio/arqui/nuevo proyecto/ext_sig_br/ext_sig_br_isim_beh.wdb 
ISim P.20131013 (signature 0x7708f090)
WARNING: A WEBPACK license was found.
WARNING: Please use Xilinx License Configuration Manager to check out a full ISim license.
WARNING: ISim will run in Lite mode. Please refer to the ISim documentation for more information on the differences between the Lite and the Full version.
This is a Lite version of ISim.
Time resolution is 1 ps
# onerror resume
# wave add /
# run 1000 ns
Simulator is doing circuit initialization process.
Finished circuit initialization process.
# isim force add /ext_sig_br/i_br 1111000000011001 -radix bin
# run 1.00ns
# isim force add /ext_sig_br/i_br 1111001111010100 -radix bin
# isim force add /ext_sig_br/i_br 1111001111010100 -radix bin
# run 1.00ns
# isim force add /ext_sig_br/i_br 1111001111010001 -radix bin
# run 1.00ns
