ISim log file
Running: C:\Users\jvmom\OneDrive\Escritorio\5to Semestre\Arquitectura de Computadoras\registro\registro_isim_beh.exe -intstyle ise -gui -tclbatch isim.cmd -wdb C:/Users/jvmom/OneDrive/Escritorio/5to Semestre/Arquitectura de Computadoras/registro/registro_isim_beh.wdb 
ISim P.20131013 (signature 0x7708f090)
WARNING: A WEBPACK license was found.
WARNING: Please use Xilinx License Configuration Manager to check out a full ISim license.
WARNING: ISim will run in Lite mode. Please refer to the ISim documentation for more information on the differences between the Lite and the Full version.
This is a Lite version of ISim.
Time resolution is 1 ps
# onerror resume
# wave add /
# run 1000 ns
Simulator is doing circuit initialization process.
Finished circuit initialization process.
# restart
# isim force add /registro/clk 0 -radix bin -value 1 -radix bin -time 500 ps -repeat 1 ns
# isim force add /registro/en 0 -radix bin
# isim force add /registro/i 10101010 -radix bin
# isim force add /registro/clr 0 -radix bin
# run all
Simulator is doing circuit initialization process.
Finished circuit initialization process.
Stopped at time : 7366076 ns : File "C:/Users/jvmom/OneDrive/Escritorio/5to Semestre/Arquitectura de Computadoras/registro/registro.vhd" Line 45
# restart
# isim force add /registro/clr 1 -radix bin
# run 1.00us
Simulator is doing circuit initialization process.
Finished circuit initialization process.
# isim force add /registro/clk 0 -radix bin -value 1 -radix bin -time 500 ps -repeat 1 ns
# isim force add /registro/i 10101010 -radix bin
# isim force add /registro/en 1 -radix bin
# run 1.00us
# isim force add /registro/clr 0 -radix bin
# run 1.00us
# isim force add /registro/en 0 -radix bin
# run 1.00us
# isim force add /registro/i 11111111 -radix bin
# run 1.00us
