ISim log file
Running: D:\ProgramasVHDLARQUI\P3\pila\pila_isim_beh.exe -intstyle ise -gui -tclbatch isim.cmd -wdb D:/ProgramasVHDLARQUI/P3/pila/pila_isim_beh.wdb 
ISim P.20131013 (signature 0x7708f090)
WARNING: A WEBPACK license was found.
WARNING: Please use Xilinx License Configuration Manager to check out a full ISim license.
WARNING: ISim will run in Lite mode. Please refer to the ISim documentation for more information on the differences between the Lite and the Full version.
This is a Lite version of ISim.
Time resolution is 1 ps
# onerror resume
# wave add /
# run 1000 ns
Simulator is doing circuit initialization process.
at 0 ps, Instance /pila/ : Warning: There is an 'U'|'X'|'W'|'Z'|'-' in an arithmetic operand, the result will be 'X'(es).
at 0 ps, Instance /pila/ct2/ : Warning: CONV_INTEGER: There is an 'U'|'X'|'W'|'Z'|'-' in an arithmetic operand, and it has been converted to 0.
Finished circuit initialization process.
# isim force add /pila/clk 1 -radix bin -cancel 1 ns
# isim force add /pila/clr 1 -radix bin
# isim force add /pila/s1s0 00 -radix bin
# run all
# run all
# run all
# run all
# run 1.00us
# run 1.00us
