#-----------------------------------------------------------
# PlanAhead v14.7 (64-bit)
# Build 321239 by xbuild on Fri Sep 27 19:29:51 MDT 2013
# Start of session at: Thu Mar 16 16:40:18 2023
# Process ID: 4412
# Log file: D:/Arquitectura/Practica1 - copia/instruccion_top/planAhead_run_1/planAhead.log
# Journal file: D:/Arquitectura/Practica1 - copia/instruccion_top/planAhead_run_1/planAhead.jou
#-----------------------------------------------------------
INFO: [Common 17-78] Attempting to get a license: PlanAhead
INFO: [Common 17-290] Got license for PlanAhead
INFO: [Device 21-36] Loading parts and site information from C:/Xilinx/14.7/ISE_DS/PlanAhead/data/parts/arch.xml
Parsing RTL primitives file [C:/Xilinx/14.7/ISE_DS/PlanAhead/data/parts/xilinx/rtl/prims/rtl_prims.xml]
Finished parsing RTL primitives file [C:/Xilinx/14.7/ISE_DS/PlanAhead/data/parts/xilinx/rtl/prims/rtl_prims.xml]
start_gui
source {D:/Arquitectura/Practica1 - copia/instruccion_top/pa.fromNetlist.tcl}
# create_project -name instruccion_top -dir "D:/Arquitectura/Practica1 - copia/instruccion_top/planAhead_run_1" -part xc7a100tcsg324-3
create_project: Time (s): elapsed = 00:00:05 . Memory (MB): peak = 471.320 ; gain = 69.383
# set_property design_mode GateLvl [get_property srcset [current_run -impl]]
# set_property edif_top_file "D:/Arquitectura/Practica1 - copia/instruccion_top/instruccion_top.ngc" [ get_property srcset [ current_run ] ]
# add_files -norecurse { {D:/Arquitectura/Practica1 - copia/instruccion_top} }
# set_param project.pinAheadLayout  yes
# set_property target_constrs_file "instruccion_top.ucf" [current_fileset -constrset]
Adding file 'D:/Arquitectura/Practica1 - copia/instruccion_top/instruccion_top.ucf' to fileset 'constrs_1'
# add_files [list {instruccion_top.ucf}] -fileset [get_property constrset [current_run]]
# link_design
Design is defaulting to srcset: sources_1
Design is defaulting to constrset: constrs_1
Design is defaulting to project part: xc7a100tcsg324-3
Release 14.7 - ngc2edif P.20131013 (nt64)
Copyright (c) 1995-2013 Xilinx, Inc.  All rights reserved.
Reading design instruccion_top.ngc ...
WARNING:NetListWriters:298 - No output is written to instruccion_top.xncf,
   ignored.
Processing design ...
   Preping design's networks ...
   Preping design's macros ...
  finished :Prep
Writing EDIF netlist file instruccion_top.edif ...
ngc2edif: Total memory usage is 4313292 kilobytes

Parsing EDIF File [./planAhead_run_1/instruccion_top.data/cache/instruccion_top_ngc_zx.edif]
Finished Parsing EDIF File [./planAhead_run_1/instruccion_top.data/cache/instruccion_top_ngc_zx.edif]
INFO: [Netlist 29-17] Analyzing 4 Unisim elements for replacement
INFO: [Netlist 29-28] Unisim Transformation completed in 0 CPU seconds
Loading clock regions from C:/Xilinx/14.7/ISE_DS/PlanAhead/data\parts/xilinx/artix7/artix7/xc7a100t/ClockRegion.xml
Loading clock buffers from C:/Xilinx/14.7/ISE_DS/PlanAhead/data\parts/xilinx/artix7/artix7/xc7a100t/ClockBuffers.xml
Loading clock placement rules from C:/Xilinx/14.7/ISE_DS/PlanAhead/data/parts/xilinx/artix7/ClockPlacerRules.xml
Loading package pin functions from C:/Xilinx/14.7/ISE_DS/PlanAhead/data\parts/xilinx/artix7/PinFunctions.xml...
Loading package from C:/Xilinx/14.7/ISE_DS/PlanAhead/data\parts/xilinx/artix7/artix7/xc7a100t/csg324/Package.xml
Loading io standards from C:/Xilinx/14.7/ISE_DS/PlanAhead/data\./parts/xilinx/artix7/IOStandards.xml
Loading device configuration modes from C:/Xilinx/14.7/ISE_DS/PlanAhead/data\parts/xilinx/artix7/ConfigModes.xml
Loading list of drcs for the architecture : C:/Xilinx/14.7/ISE_DS/PlanAhead/data\./parts/xilinx/artix7/drc.xml
INFO: [Common 17-41] Interrupt caught. Command should exit soon.
Parsing UCF File [D:/Arquitectura/Practica1 - copia/instruccion_top/instruccion_top.ucf]
Finished Parsing UCF File [D:/Arquitectura/Practica1 - copia/instruccion_top/instruccion_top.ucf]
link_design: Time (s): elapsed = 00:00:11 . Memory (MB): peak = 697.223 ; gain = 225.273
INFO: [Common 17-344] 'link_design' was cancelled
INFO: [Common 17-344] 'source' was cancelled
exit
ERROR: [PlanAhead 12-106] *** Exception: ui.h.b: Found deleted key in HTclEventBroker. Verify if the classes listed here call cleanup()
HTclEvent: DEBUG_PORT_CONFIG_CHANGE   Classes: ui.views.aR 
HTclEvent: SIGNAL_BUS_MODIFY   Classes: ui.views.aR 
HTclEvent: SIGNAL_MODIFY   Classes: ui.views.aR 
HTclEvent: DEBUG_CORE_CONFIG_CHANGE   Classes: ui.views.aR 
 (See D:/Arquitectura/Practica1 - copia/instruccion_top\planAhead_pid4412.debug)
ERROR: [Common 17-39] 'stop_gui' failed due to earlier errors.
INFO: [Common 17-206] Exiting PlanAhead at Thu Mar 16 16:41:04 2023...
INFO: [Common 17-83] Releasing license: PlanAhead
