ISim log file
Running: D:\XIMENA\Escritorio\arqui\pila\pila\pila_isim_beh.exe -intstyle ise -gui -tclbatch isim.cmd -wdb D:/XIMENA/Escritorio/arqui/pila/pila/pila_isim_beh.wdb 
INFO: There is another simulation running in the same directory. Using database file name isim1.wdb.
ISim P.20131013 (signature 0x7708f090)
WARNING: A WEBPACK license was found.
WARNING: Please use Xilinx License Configuration Manager to check out a full ISim license.
WARNING: ISim will run in Lite mode. Please refer to the ISim documentation for more information on the differences between the Lite and the Full version.
This is a Lite version of ISim.
Time resolution is 1 ps
# onerror resume
# wave add /
# run 1000 ns
Simulator is doing circuit initialization process.
at 0 ps, Instance /pila/ : Warning: There is an 'U'|'X'|'W'|'Z'|'-' in an arithmetic operand, the result will be 'X'(es).
at 0 ps, Instance /pila/cto1/ : Warning: CONV_INTEGER: There is an 'U'|'X'|'W'|'Z'|'-' in an arithmetic operand, and it has been converted to 0.
Finished circuit initialization process.
# restart
# isim force add /pila/clk 0 -radix bin -value 1 -radix bin -time 500 ps -repeat 1 ns
# isim force add /pila/clr 1 -radix bin
# isim force add /pila/s1s0 00 -radix bin
# isim force add /pila/botones 0000000000001111 -radix bin
# run 1.00ns
Simulator is doing circuit initialization process.
at 0 ps, Instance /pila/cto1/ : Warning: CONV_INTEGER: There is an 'U'|'X'|'W'|'Z'|'-' in an arithmetic operand, and it has been converted to 0.
Finished circuit initialization process.
# isim force add /pila/clr 0 -radix bin
# run 1.00ns
# run 1.00ns
# run 1.00ns
# run 1.00ns
# run 1.00ns
# run 1.00ns
# run 1.00ns
# run 1.00ns
# isim force add /pila/s1s0 01 -radix bin
# run 1.00ns
# isim force add /pila/s1s0 00 -radix bin
# run 1.00ns
# run 1.00ns
# isim force add /pila/s1s0 10 -radix bin
# run 1.00ns
