Release 14.7 - xst P.20131013 (nt)
Copyright (c) 1995-2013 Xilinx, Inc.  All rights reserved.
--> Parameter TMPDIR set to xst/projnav.tmp


Total REAL time to Xst completion: 0.00 secs
Total CPU time to Xst completion: 0.07 secs
 
--> Parameter xsthdpdir set to xst


Total REAL time to Xst completion: 0.00 secs
Total CPU time to Xst completion: 0.07 secs
 
--> Reading design: ALU.prj

TABLE OF CONTENTS
  1) Synthesis Options Summary
  2) HDL Parsing
  3) HDL Elaboration
  4) HDL Synthesis
       4.1) HDL Synthesis Report
  5) Advanced HDL Synthesis
       5.1) Advanced HDL Synthesis Report
  6) Low Level Synthesis
  7) Partition Report
  8) Design Summary
       8.1) Primitive and Black Box Usage
       8.2) Device utilization summary
       8.3) Partition Resource Summary
       8.4) Timing Report
            8.4.1) Clock Information
            8.4.2) Asynchronous Control Signals Information
            8.4.3) Timing Summary
            8.4.4) Timing Details
            8.4.5) Cross Clock Domains Report


=========================================================================
*                      Synthesis Options Summary                        *
=========================================================================
---- Source Parameters
Input File Name                    : "ALU.prj"
Ignore Synthesis Constraint File   : NO

---- Target Parameters
Output File Name                   : "ALU"
Output Format                      : NGC
Target Device                      : xc7a100t-3-csg324

---- Source Options
Top Module Name                    : ALU
Automatic FSM Extraction           : YES
FSM Encoding Algorithm             : Auto
Safe Implementation                : No
FSM Style                          : LUT
RAM Extraction                     : Yes
RAM Style                          : Auto
ROM Extraction                     : Yes
Shift Register Extraction          : YES
ROM Style                          : Auto
Resource Sharing                   : YES
Asynchronous To Synchronous        : NO
Shift Register Minimum Size        : 2
Use DSP Block                      : Auto
Automatic Register Balancing       : No

---- Target Options
LUT Combining                      : Auto
Reduce Control Sets                : Auto
Add IO Buffers                     : YES
Global Maximum Fanout              : 100000
Add Generic Clock Buffer(BUFG)     : 32
Register Duplication               : YES
Optimize Instantiated Primitives   : NO
Use Clock Enable                   : Auto
Use Synchronous Set                : Auto
Use Synchronous Reset              : Auto
Pack IO Registers into IOBs        : Auto
Equivalent register Removal        : YES

---- General Options
Optimization Goal                  : Speed
Optimization Effort                : 1
Power Reduction                    : NO
Keep Hierarchy                     : No
Netlist Hierarchy                  : As_Optimized
RTL Output                         : Yes
Global Optimization                : AllClockNets
Read Cores                         : YES
Write Timing Constraints           : NO
Cross Clock Analysis               : NO
Hierarchy Separator                : /
Bus Delimiter                      : <>
Case Specifier                     : Maintain
Slice Utilization Ratio            : 100
BRAM Utilization Ratio             : 100
DSP48 Utilization Ratio            : 100
Auto BRAM Packing                  : NO
Slice Utilization Ratio Delta      : 5

=========================================================================


=========================================================================
*                          HDL Parsing                                  *
=========================================================================
Parsing VHDL file "\\vboxsvr\windows_xp\2\Practica2\Registro\registro.vhd" into library work
Parsing entity <registro>.
Parsing architecture <Behavioral> of entity <registro>.
Parsing VHDL file "\\vboxsvr\windows_xp\2\Practica2\ALU\ALU.vhd" into library work
Parsing entity <ALU>.
Parsing architecture <Behavioral> of entity <alu>.

=========================================================================
*                            HDL Elaboration                            *
=========================================================================

Elaborating entity <ALU> (architecture <Behavioral>) from library <work>.

Elaborating entity <registro> (architecture <Behavioral>) from library <work>.

=========================================================================
*                           HDL Synthesis                               *
=========================================================================

Synthesizing Unit <ALU>.
    Related source file is "\\vboxsvr\windows_xp\2\Practica2\ALU\ALU.vhd".
    Found 8-bit adder for signal <A_aux[7]_B_aux[7]_add_0_OUT> created at line 32.
    Found 8-bit subtractor for signal <GND_5_o_GND_5_o_sub_2_OUT<7:0>> created at line 33.
    Found 8-bit 8-to-1 multiplexer for signal <F_aux> created at line 31.
    Summary:
	inferred   1 Adder/Subtractor(s).
	inferred   7 Multiplexer(s).
Unit <ALU> synthesized.

Synthesizing Unit <registro>.
    Related source file is "\\vboxsvr\windows_xp\2\Practica2\Registro\registro.vhd".
    Found 8-bit register for signal <qaux>.
    Summary:
	inferred   8 D-type flip-flop(s).
Unit <registro> synthesized.

=========================================================================
HDL Synthesis Report

Macro Statistics
# Adders/Subtractors                                   : 1
 8-bit addsub                                          : 1
# Registers                                            : 2
 8-bit register                                        : 2
# Multiplexers                                         : 7
 8-bit 2-to-1 multiplexer                              : 7
# Xors                                                 : 1
 8-bit xor2                                            : 1

=========================================================================
INFO:Xst:1767 - HDL ADVISOR - Resource sharing has identified that some arithmetic operations in this design can share the same physical resources for reduced device utilization. For improved clock frequency you may try to disable resource sharing.

=========================================================================
*                       Advanced HDL Synthesis                          *
=========================================================================


=========================================================================
Advanced HDL Synthesis Report

Macro Statistics
# Adders/Subtractors                                   : 1
 8-bit addsub                                          : 1
# Registers                                            : 16
 Flip-Flops                                            : 16
# Multiplexers                                         : 7
 8-bit 2-to-1 multiplexer                              : 7
# Xors                                                 : 1
 8-bit xor2                                            : 1

=========================================================================

=========================================================================
*                         Low Level Synthesis                           *
=========================================================================

Optimizing unit <ALU> ...

Optimizing unit <registro> ...

Mapping all equations...
Building and optimizing final netlist ...
Found area constraint ratio of 100 (+ 5) on block ALU, actual ratio is 0.

Final Macro Processing ...

=========================================================================
Final Register Report

Macro Statistics
# Registers                                            : 16
 Flip-Flops                                            : 16

=========================================================================

=========================================================================
*                           Partition Report                            *
=========================================================================

Partition Implementation Status
-------------------------------

  No Partitions were found in this design.

-------------------------------

=========================================================================
*                            Design Summary                             *
=========================================================================

Top Level Output File Name         : ALU.ngc

Primitive and Black Box Usage:
------------------------------
# BELS                             : 75
#      INV                         : 2
#      LUT3                        : 16
#      LUT4                        : 6
#      LUT5                        : 12
#      LUT6                        : 19
#      MUXCY                       : 7
#      MUXF7                       : 5
#      XORCY                       : 8
# FlipFlops/Latches                : 16
#      FDCE                        : 16
# Clock Buffers                    : 1
#      BUFGP                       : 1
# IO Buffers                       : 33
#      IBUF                        : 23
#      OBUF                        : 10

Device utilization summary:
---------------------------

Selected Device : 7a100tcsg324-3 


Slice Logic Utilization: 
 Number of Slice Registers:              16  out of  126800     0%  
 Number of Slice LUTs:                   55  out of  63400     0%  
    Number used as Logic:                55  out of  63400     0%  

Slice Logic Distribution: 
 Number of LUT Flip Flop pairs used:     60
   Number with an unused Flip Flop:      44  out of     60    73%  
   Number with an unused LUT:             5  out of     60     8%  
   Number of fully used LUT-FF pairs:    11  out of     60    18%  
   Number of unique control sets:         2

IO Utilization: 
 Number of IOs:                          35
 Number of bonded IOBs:                  34  out of    210    16%  

Specific Feature Utilization:
 Number of BUFG/BUFGCTRLs:                1  out of     32     3%  

---------------------------
Partition Resource Summary:
---------------------------

  No Partitions were found in this design.

---------------------------


=========================================================================
Timing Report

NOTE: THESE TIMING NUMBERS ARE ONLY A SYNTHESIS ESTIMATE.
      FOR ACCURATE TIMING INFORMATION PLEASE REFER TO THE TRACE REPORT
      GENERATED AFTER PLACE-and-ROUTE.

Clock Information:
------------------
-----------------------------------+------------------------+-------+
Clock Signal                       | Clock buffer(FF name)  | Load  |
-----------------------------------+------------------------+-------+
clk                                | BUFGP                  | 16    |
-----------------------------------+------------------------+-------+

Asynchronous Control Signals Information:
----------------------------------------
No asynchronous control signals found in this design

Timing Summary:
---------------
Speed Grade: -3

   Minimum period: 2.247ns (Maximum Frequency: 445.078MHz)
   Minimum input arrival time before clock: 2.111ns
   Maximum output required time after clock: 3.405ns
   Maximum combinational path delay: 3.269ns

Timing Details:
---------------
All values displayed in nanoseconds (ns)

=========================================================================
Timing constraint: Default period analysis for Clock 'clk'
  Clock period: 2.247ns (frequency: 445.078MHz)
  Total number of paths / destination ports: 181 / 8
-------------------------------------------------------------------------
Delay:               2.247ns (Levels of Logic = 6)
  Source:            registro_A/qaux_0 (FF)
  Destination:       registro_A/qaux_3 (FF)
  Source Clock:      clk rising
  Destination Clock: clk rising

  Data Path: registro_A/qaux_0 to registro_A/qaux_3
                                Gate     Net
    Cell:in->out      fanout   Delay   Delay  Logical Name (Net Name)
    ----------------------------------------  ------------
     FDCE:C->Q             4   0.361   0.393  registro_A/qaux_0 (registro_A/qaux_0)
     LUT3:I1->O            1   0.097   0.000  Mmux_F_aux1_rs_lut<0> (Mmux_F_aux1_rs_lut<0>)
     MUXCY:S->O            1   0.353   0.000  Mmux_F_aux1_rs_cy<0> (Mmux_F_aux1_rs_cy<0>)
     MUXCY:CI->O           1   0.023   0.000  Mmux_F_aux1_rs_cy<1> (Mmux_F_aux1_rs_cy<1>)
     MUXCY:CI->O           1   0.023   0.000  Mmux_F_aux1_rs_cy<2> (Mmux_F_aux1_rs_cy<2>)
     XORCY:CI->O           2   0.370   0.284  Mmux_F_aux1_rs_xor<3> (Mmux_F_aux1_split<3>)
     MUXF7:S->O            1   0.335   0.000  Mmux_mux_aux41 (mux_aux<3>)
     FDCE:D                    0.008          registro_A/qaux_3
    ----------------------------------------
    Total                      2.247ns (1.570ns logic, 0.677ns route)
                                       (69.9% logic, 30.1% route)

=========================================================================
Timing constraint: Default OFFSET IN BEFORE for Clock 'clk'
  Total number of paths / destination ports: 184 / 48
-------------------------------------------------------------------------
Offset:              2.111ns (Levels of Logic = 7)
  Source:            S<0> (PAD)
  Destination:       registro_A/qaux_3 (FF)
  Destination Clock: clk rising

  Data Path: S<0> to registro_A/qaux_3
                                Gate     Net
    Cell:in->out      fanout   Delay   Delay  Logical Name (Net Name)
    ----------------------------------------  ------------
     IBUF:I->O            29   0.001   0.618  S_0_IBUF (S_0_IBUF)
     LUT3:I0->O            1   0.097   0.000  Mmux_F_aux1_rs_lut<0> (Mmux_F_aux1_rs_lut<0>)
     MUXCY:S->O            1   0.353   0.000  Mmux_F_aux1_rs_cy<0> (Mmux_F_aux1_rs_cy<0>)
     MUXCY:CI->O           1   0.023   0.000  Mmux_F_aux1_rs_cy<1> (Mmux_F_aux1_rs_cy<1>)
     MUXCY:CI->O           1   0.023   0.000  Mmux_F_aux1_rs_cy<2> (Mmux_F_aux1_rs_cy<2>)
     XORCY:CI->O           2   0.370   0.284  Mmux_F_aux1_rs_xor<3> (Mmux_F_aux1_split<3>)
     MUXF7:S->O            1   0.335   0.000  Mmux_mux_aux41 (mux_aux<3>)
     FDCE:D                    0.008          registro_A/qaux_3
    ----------------------------------------
    Total                      2.111ns (1.210ns logic, 0.901ns route)
                                       (57.3% logic, 42.7% route)

=========================================================================
Timing constraint: Default OFFSET OUT AFTER for Clock 'clk'
  Total number of paths / destination ports: 199 / 10
-------------------------------------------------------------------------
Offset:              3.405ns (Levels of Logic = 12)
  Source:            registro_A/qaux_0 (FF)
  Destination:       Z (PAD)
  Source Clock:      clk rising

  Data Path: registro_A/qaux_0 to Z
                                Gate     Net
    Cell:in->out      fanout   Delay   Delay  Logical Name (Net Name)
    ----------------------------------------  ------------
     FDCE:C->Q             4   0.361   0.393  registro_A/qaux_0 (registro_A/qaux_0)
     LUT3:I1->O            1   0.097   0.000  Mmux_F_aux1_rs_lut<0> (Mmux_F_aux1_rs_lut<0>)
     MUXCY:S->O            1   0.353   0.000  Mmux_F_aux1_rs_cy<0> (Mmux_F_aux1_rs_cy<0>)
     MUXCY:CI->O           1   0.023   0.000  Mmux_F_aux1_rs_cy<1> (Mmux_F_aux1_rs_cy<1>)
     MUXCY:CI->O           1   0.023   0.000  Mmux_F_aux1_rs_cy<2> (Mmux_F_aux1_rs_cy<2>)
     MUXCY:CI->O           1   0.023   0.000  Mmux_F_aux1_rs_cy<3> (Mmux_F_aux1_rs_cy<3>)
     MUXCY:CI->O           1   0.023   0.000  Mmux_F_aux1_rs_cy<4> (Mmux_F_aux1_rs_cy<4>)
     MUXCY:CI->O           1   0.023   0.000  Mmux_F_aux1_rs_cy<5> (Mmux_F_aux1_rs_cy<5>)
     MUXCY:CI->O           0   0.023   0.000  Mmux_F_aux1_rs_cy<6> (Mmux_F_aux1_rs_cy<6>)
     XORCY:CI->O           2   0.370   0.283  Mmux_F_aux1_rs_xor<7> (Mmux_F_aux1_split<7>)
     MUXF7:S->O            2   0.335   0.697  Mmux_F_aux78 (N_OBUF)
     LUT6:I0->O            1   0.097   0.279  Z (Z_OBUF)
     OBUF:I->O                 0.000          Z_OBUF (Z)
    ----------------------------------------
    Total                      3.405ns (1.751ns logic, 1.654ns route)
                                       (51.4% logic, 48.6% route)

=========================================================================
Timing constraint: Default path analysis
  Total number of paths / destination ports: 119 / 2
-------------------------------------------------------------------------
Delay:               3.269ns (Levels of Logic = 13)
  Source:            S<0> (PAD)
  Destination:       Z (PAD)

  Data Path: S<0> to Z
                                Gate     Net
    Cell:in->out      fanout   Delay   Delay  Logical Name (Net Name)
    ----------------------------------------  ------------
     IBUF:I->O            29   0.001   0.618  S_0_IBUF (S_0_IBUF)
     LUT3:I0->O            1   0.097   0.000  Mmux_F_aux1_rs_lut<0> (Mmux_F_aux1_rs_lut<0>)
     MUXCY:S->O            1   0.353   0.000  Mmux_F_aux1_rs_cy<0> (Mmux_F_aux1_rs_cy<0>)
     MUXCY:CI->O           1   0.023   0.000  Mmux_F_aux1_rs_cy<1> (Mmux_F_aux1_rs_cy<1>)
     MUXCY:CI->O           1   0.023   0.000  Mmux_F_aux1_rs_cy<2> (Mmux_F_aux1_rs_cy<2>)
     MUXCY:CI->O           1   0.023   0.000  Mmux_F_aux1_rs_cy<3> (Mmux_F_aux1_rs_cy<3>)
     MUXCY:CI->O           1   0.023   0.000  Mmux_F_aux1_rs_cy<4> (Mmux_F_aux1_rs_cy<4>)
     MUXCY:CI->O           1   0.023   0.000  Mmux_F_aux1_rs_cy<5> (Mmux_F_aux1_rs_cy<5>)
     MUXCY:CI->O           0   0.023   0.000  Mmux_F_aux1_rs_cy<6> (Mmux_F_aux1_rs_cy<6>)
     XORCY:CI->O           2   0.370   0.283  Mmux_F_aux1_rs_xor<7> (Mmux_F_aux1_split<7>)
     MUXF7:S->O            2   0.335   0.697  Mmux_F_aux78 (N_OBUF)
     LUT6:I0->O            1   0.097   0.279  Z (Z_OBUF)
     OBUF:I->O                 0.000          Z_OBUF (Z)
    ----------------------------------------
    Total                      3.269ns (1.391ns logic, 1.878ns route)
                                       (42.6% logic, 57.4% route)

=========================================================================

Cross Clock Domains Report:
--------------------------

Clock to Setup on destination clock clk
---------------+---------+---------+---------+---------+
               | Src:Rise| Src:Fall| Src:Rise| Src:Fall|
Source Clock   |Dest:Rise|Dest:Rise|Dest:Fall|Dest:Fall|
---------------+---------+---------+---------+---------+
clk            |    2.247|         |         |         |
---------------+---------+---------+---------+---------+

=========================================================================


Total REAL time to Xst completion: 5.00 secs
Total CPU time to Xst completion: 4.65 secs
 
--> 

Total memory usage is 265920 kilobytes

Number of errors   :    0 (   0 filtered)
Number of warnings :    0 (   0 filtered)
Number of infos    :    1 (   0 filtered)

