Command line:
   eliminador_rebotes_isim_beh.exe
     -simmode  gui
     -simrunnum  0
     -socket  54429

Tue Nov 29 19:01:47 2022


 Elaboration Time: 0.03125 sec

 Current Memory Usage: 5150.25 Meg

 Total Signals          : 9
 Total Nets             : 17
 Total Signal Drivers   : 7
 Total Blocks           : 4
 Total Primitive Blocks : 4
 Total Processes        : 4
 Total Traceable Variables  : 10
 Total Scalar Nets and Variables : 395
Total Line Count : 7
Total Line Count : 7

 Total Simulation Time: 0.15625 sec

 Current Memory Usage: 4992.97 Meg

Tue Nov 29 19:03:50 2022

