ISim log file
Running: D:\XIMENA\Escritorio\arqui\memoria RAM de 38x8\SRAM\SRAM_isim_beh.exe -intstyle ise -gui -tclbatch isim.cmd -wdb D:/XIMENA/Escritorio/arqui/memoria RAM de 38x8/SRAM/SRAM_isim_beh.wdb 
ISim P.20131013 (signature 0x7708f090)
WARNING: A WEBPACK license was found.
WARNING: Please use Xilinx License Configuration Manager to check out a full ISim license.
WARNING: ISim will run in Lite mode. Please refer to the ISim documentation for more information on the differences between the Lite and the Full version.
This is a Lite version of ISim.
Time resolution is 1 ps
# onerror resume
# wave add /
# run 1000 ns
Simulator is doing circuit initialization process.
at 0 ps, Instance /sram/ : Warning: There is an 'U'|'X'|'W'|'Z'|'-' in an arithmetic operand, the result will be 'X'(es).
at 0 ps, Instance /sram/ : Warning: CONV_INTEGER: There is an 'U'|'X'|'W'|'Z'|'-' in an arithmetic operand, and it has been converted to 0.
Finished circuit initialization process.
# isim force add /sram/clk 0 -radix bin
# isim force add /sram/we 0 -radix bin
# isim force add /sram/wd 11111111 -radix bin
# isim force add /sram/a 11111 -radix bin
# run 1.00ns
