Release 14.7 - ngc2edif P.20131013 (nt64)
Copyright (c) 1995-2013 Xilinx, Inc.  All rights reserved.
Reading design Instruccion_top.ngc ...
WARNING:NetListWriters:298 - No output is written to Instruccion_top.xncf,
   ignored.
Processing design ...
   Preping design's networks ...
   Preping design's macros ...
  finished :Prep
Writing EDIF netlist file Instruccion_top.edif ...
ngc2edif: Total memory usage is 4310104 kilobytes

Release 14.7 - ngc2edif P.20131013 (nt64)
Copyright (c) 1995-2013 Xilinx, Inc.  All rights reserved.
Reading design Instruccion_top.ngc ...
WARNING:NetListWriters:298 - No output is written to Instruccion_top.xncf,
   ignored.
Processing design ...
   Preping design's networks ...
   Preping design's macros ...
  finished :Prep
Writing EDIF netlist file Instruccion_top.edif ...
ngc2edif: Total memory usage is 4310104 kilobytes

Release 14.7 - ngc2edif P.20131013 (nt64)
Copyright (c) 1995-2013 Xilinx, Inc.  All rights reserved.
Reading design Instruccion_top.ngc ...
WARNING:NetListWriters:298 - No output is written to Instruccion_top.xncf,
   ignored.
Processing design ...
   Preping design's networks ...
   Preping design's macros ...
  finished :Prep
Writing EDIF netlist file Instruccion_top.edif ...
ngc2edif: Total memory usage is 4310104 kilobytes

Release 14.7 - ngc2edif P.20131013 (nt64)
Copyright (c) 1995-2013 Xilinx, Inc.  All rights reserved.
Reading design Instruccion_top.ngc ...
WARNING:NetListWriters:298 - No output is written to Instruccion_top.xncf,
   ignored.
Processing design ...
   Preping design's networks ...
   Preping design's macros ...
  finished :Prep
Writing EDIF netlist file Instruccion_top.edif ...
ngc2edif: Total memory usage is 4310104 kilobytes

