Release 14.7 - xst P.20131013 (nt64)
Copyright (c) 1995-2013 Xilinx, Inc.  All rights reserved.
--> Parameter TMPDIR set to xst/projnav.tmp


Total REAL time to Xst completion: 0.00 secs
Total CPU time to Xst completion: 0.17 secs
 
--> Parameter xsthdpdir set to xst


Total REAL time to Xst completion: 0.00 secs
Total CPU time to Xst completion: 0.17 secs
 
--> Reading design: ram.prj

TABLE OF CONTENTS
  1) Synthesis Options Summary
  2) HDL Parsing
  3) HDL Elaboration
  4) HDL Synthesis
       4.1) HDL Synthesis Report
  5) Advanced HDL Synthesis
       5.1) Advanced HDL Synthesis Report
  6) Low Level Synthesis
  7) Partition Report
  8) Design Summary
       8.1) Primitive and Black Box Usage
       8.2) Device utilization summary
       8.3) Partition Resource Summary
       8.4) Timing Report
            8.4.1) Clock Information
            8.4.2) Asynchronous Control Signals Information
            8.4.3) Timing Summary
            8.4.4) Timing Details
            8.4.5) Cross Clock Domains Report


=========================================================================
*                      Synthesis Options Summary                        *
=========================================================================
---- Source Parameters
Input File Name                    : "ram.prj"
Ignore Synthesis Constraint File   : NO

---- Target Parameters
Output File Name                   : "ram"
Output Format                      : NGC
Target Device                      : xc7a100t-3-csg324

---- Source Options
Top Module Name                    : ram
Automatic FSM Extraction           : YES
FSM Encoding Algorithm             : Auto
Safe Implementation                : No
FSM Style                          : LUT
RAM Extraction                     : Yes
RAM Style                          : Auto
ROM Extraction                     : Yes
Shift Register Extraction          : YES
ROM Style                          : Auto
Resource Sharing                   : YES
Asynchronous To Synchronous        : NO
Shift Register Minimum Size        : 2
Use DSP Block                      : Auto
Automatic Register Balancing       : No

---- Target Options
LUT Combining                      : Auto
Reduce Control Sets                : Auto
Add IO Buffers                     : YES
Global Maximum Fanout              : 100000
Add Generic Clock Buffer(BUFG)     : 32
Register Duplication               : YES
Optimize Instantiated Primitives   : NO
Use Clock Enable                   : Auto
Use Synchronous Set                : Auto
Use Synchronous Reset              : Auto
Pack IO Registers into IOBs        : Auto
Equivalent register Removal        : YES

---- General Options
Optimization Goal                  : Speed
Optimization Effort                : 1
Power Reduction                    : NO
Keep Hierarchy                     : No
Netlist Hierarchy                  : As_Optimized
RTL Output                         : Yes
Global Optimization                : AllClockNets
Read Cores                         : YES
Write Timing Constraints           : NO
Cross Clock Analysis               : NO
Hierarchy Separator                : /
Bus Delimiter                      : <>
Case Specifier                     : Maintain
Slice Utilization Ratio            : 100
BRAM Utilization Ratio             : 100
DSP48 Utilization Ratio            : 100
Auto BRAM Packing                  : NO
Slice Utilization Ratio Delta      : 5

=========================================================================


=========================================================================
*                          HDL Parsing                                  *
=========================================================================
Parsing VHDL file "C:\Users\jvmom\OneDrive\Escritorio\5to Semestre\Arquitectura de Computadoras\ram\ram.vhd" into library work
Parsing entity <ram>.
Parsing architecture <Behavioral> of entity <ram>.

=========================================================================
*                            HDL Elaboration                            *
=========================================================================

Elaborating entity <ram> (architecture <Behavioral>) from library <work>.

=========================================================================
*                           HDL Synthesis                               *
=========================================================================

Synthesizing Unit <ram>.
    Related source file is "C:\Users\jvmom\OneDrive\Escritorio\5to Semestre\Arquitectura de Computadoras\ram\ram.vhd".
    Found 16x16-bit single-port RAM <Mram_dato> for signal <dato>.
    Found 1-bit register for signal <PWR_6_o_clk_r_DFF_17>.
    Found 16-bit register for signal <BUS_0018_dff_2_OUT>.
    Found 1-bit tristate buffer for signal <O<15>> created at line 58
    Found 1-bit tristate buffer for signal <O<14>> created at line 58
    Found 1-bit tristate buffer for signal <O<13>> created at line 58
    Found 1-bit tristate buffer for signal <O<12>> created at line 58
    Found 1-bit tristate buffer for signal <O<11>> created at line 58
    Found 1-bit tristate buffer for signal <O<10>> created at line 58
    Found 1-bit tristate buffer for signal <O<9>> created at line 58
    Found 1-bit tristate buffer for signal <O<8>> created at line 58
    Found 1-bit tristate buffer for signal <O<7>> created at line 58
    Found 1-bit tristate buffer for signal <O<6>> created at line 58
    Found 1-bit tristate buffer for signal <O<5>> created at line 58
    Found 1-bit tristate buffer for signal <O<4>> created at line 58
    Found 1-bit tristate buffer for signal <O<3>> created at line 58
    Found 1-bit tristate buffer for signal <O<2>> created at line 58
    Found 1-bit tristate buffer for signal <O<1>> created at line 58
    Found 1-bit tristate buffer for signal <O<0>> created at line 58
    Summary:
	inferred   1 RAM(s).
	inferred  17 D-type flip-flop(s).
	inferred  16 Tristate(s).
Unit <ram> synthesized.

=========================================================================
HDL Synthesis Report

Macro Statistics
# RAMs                                                 : 1
 16x16-bit single-port RAM                             : 1
# Registers                                            : 2
 1-bit register                                        : 1
 16-bit register                                       : 1
# Tristates                                            : 16
 1-bit tristate buffer                                 : 16

=========================================================================

=========================================================================
*                       Advanced HDL Synthesis                          *
=========================================================================


Synthesizing (advanced) Unit <ram>.
INFO:Xst:3231 - The small RAM <Mram_dato> will be implemented on LUTs in order to maximize performance and save block RAM resources. If you want to force its implementation on block, use option/constraint ram_style.
    -----------------------------------------------------------------------
    | ram_type           | Distributed                         |          |
    -----------------------------------------------------------------------
    | Port A                                                              |
    |     aspect ratio   | 16-word x 16-bit                    |          |
    |     clkA           | connected to signal <clk_w>         | rise     |
    |     weA            | connected to signal <VCC>           | high     |
    |     addrA          | connected to signal <A>             |          |
    |     diA            | connected to signal <I>             |          |
    |     doA            | connected to internal node          |          |
    -----------------------------------------------------------------------
Unit <ram> synthesized (advanced).

=========================================================================
Advanced HDL Synthesis Report

Macro Statistics
# RAMs                                                 : 1
 16x16-bit single-port distributed RAM                 : 1
# Registers                                            : 17
 Flip-Flops                                            : 17

=========================================================================

=========================================================================
*                         Low Level Synthesis                           *
=========================================================================

Optimizing unit <ram> ...

Mapping all equations...
Building and optimizing final netlist ...
Found area constraint ratio of 100 (+ 5) on block ram, actual ratio is 0.

Final Macro Processing ...

=========================================================================
Final Register Report

Macro Statistics
# Registers                                            : 17
 Flip-Flops                                            : 17

=========================================================================

=========================================================================
*                           Partition Report                            *
=========================================================================

Partition Implementation Status
-------------------------------

  No Partitions were found in this design.

-------------------------------

=========================================================================
*                            Design Summary                             *
=========================================================================

Top Level Output File Name         : ram.ngc

Primitive and Black Box Usage:
------------------------------
# BELS                             : 5
#      GND                         : 1
#      INV                         : 1
#      LUT2                        : 2
#      VCC                         : 1
# FlipFlops/Latches                : 17
#      FD                          : 16
#      FDC                         : 1
# RAMS                             : 16
#      RAM32X1S                    : 16
# IO Buffers                       : 38
#      IBUF                        : 22
#      OBUFT                       : 16

Device utilization summary:
---------------------------

Selected Device : 7a100tcsg324-3 


Slice Logic Utilization: 
 Number of Slice Registers:               1  out of  126800     0%  
 Number of Slice LUTs:                   19  out of  63400     0%  
    Number used as Logic:                 3  out of  63400     0%  
    Number used as Memory:               16  out of  19000     0%  
       Number used as RAM:               16

Slice Logic Distribution: 
 Number of LUT Flip Flop pairs used:     20
   Number with an unused Flip Flop:      19  out of     20    95%  
   Number with an unused LUT:             1  out of     20     5%  
   Number of fully used LUT-FF pairs:     0  out of     20     0%  
   Number of unique control sets:         2

IO Utilization: 
 Number of IOs:                          38
 Number of bonded IOBs:                  38  out of    210    18%  
    IOB Flip Flops/Latches:              16

Specific Feature Utilization:

---------------------------
Partition Resource Summary:
---------------------------

  No Partitions were found in this design.

---------------------------


=========================================================================
Timing Report

NOTE: THESE TIMING NUMBERS ARE ONLY A SYNTHESIS ESTIMATE.
      FOR ACCURATE TIMING INFORMATION PLEASE REFER TO THE TRACE REPORT
      GENERATED AFTER PLACE-and-ROUTE.

Clock Information:
------------------
-----------------------------------+------------------------------+-------+
Clock Signal                       | Clock buffer(FF name)        | Load  |
-----------------------------------+------------------------------+-------+
clk_r(clk_r1:O)                    | NONE(*)(PWR_6_o_clk_r_DFF_17)| 17    |
clk_w(clk_w1:O)                    | NONE(*)(Mram_dato1)          | 16    |
-----------------------------------+------------------------------+-------+
(*) These 2 clock signal(s) are generated by combinatorial logic,
and XST is not able to identify which are the primary clock signals.
Please use the CLOCK_SIGNAL constraint to specify the clock signal(s) generated by combinatorial logic.
INFO:Xst:2169 - HDL ADVISOR - Some clock signals were not automatically buffered by XST with BUFG/BUFR resources. Please use the buffer_type constraint in order to insert these buffers to the clock signals to help prevent skew problems.

Asynchronous Control Signals Information:
----------------------------------------
No asynchronous control signals found in this design

Timing Summary:
---------------
Speed Grade: -3

   Minimum period: No path found
   Minimum input arrival time before clock: 0.733ns
   Maximum output required time after clock: 1.101ns
   Maximum combinational path delay: No path found

Timing Details:
---------------
All values displayed in nanoseconds (ns)

=========================================================================
Timing constraint: Default OFFSET IN BEFORE for Clock 'clk_r'
  Total number of paths / destination ports: 65 / 17
-------------------------------------------------------------------------
Offset:              0.733ns (Levels of Logic = 2)
  Source:            A<0> (PAD)
  Destination:       O_0 (FF)
  Destination Clock: clk_r rising

  Data Path: A<0> to O_0
                                Gate     Net
    Cell:in->out      fanout   Delay   Delay  Logical Name (Net Name)
    ----------------------------------------  ------------
     IBUF:I->O            16   0.001   0.348  A_0_IBUF (A_0_IBUF)
     RAM32X1S:A0->O        1   0.097   0.279  Mram_dato1 (_n0030<0>)
     FD:D                      0.008          O_0
    ----------------------------------------
    Total                      0.733ns (0.106ns logic, 0.627ns route)
                                       (14.5% logic, 85.5% route)

=========================================================================
Timing constraint: Default OFFSET IN BEFORE for Clock 'clk_w'
  Total number of paths / destination ports: 80 / 80
-------------------------------------------------------------------------
Offset:              0.399ns (Levels of Logic = 1)
  Source:            I<0> (PAD)
  Destination:       Mram_dato1 (RAM)
  Destination Clock: clk_w rising

  Data Path: I<0> to Mram_dato1
                                Gate     Net
    Cell:in->out      fanout   Delay   Delay  Logical Name (Net Name)
    ----------------------------------------  ------------
     IBUF:I->O             1   0.001   0.279  I_0_IBUF (I_0_IBUF)
     RAM32X1S:D                0.119          Mram_dato1
    ----------------------------------------
    Total                      0.399ns (0.120ns logic, 0.279ns route)
                                       (30.1% logic, 69.9% route)

=========================================================================
Timing constraint: Default OFFSET OUT AFTER for Clock 'clk_r'
  Total number of paths / destination ports: 32 / 16
-------------------------------------------------------------------------
Offset:              1.101ns (Levels of Logic = 2)
  Source:            PWR_6_o_clk_r_DFF_17 (FF)
  Destination:       O<15> (PAD)
  Source Clock:      clk_r rising

  Data Path: PWR_6_o_clk_r_DFF_17 to O<15>
                                Gate     Net
    Cell:in->out      fanout   Delay   Delay  Logical Name (Net Name)
    ----------------------------------------  ------------
     FDC:C->Q              1   0.361   0.279  PWR_6_o_clk_r_DFF_17 (PWR_6_o_clk_r_DFF_17)
     INV:I->O             16   0.113   0.348  PWR_6_o_clk_r_DFF_17_inv1_INV_0 (PWR_6_o_clk_r_DFF_17_inv)
     OBUFT:T->O                0.000          O_15_OBUFT (O<15>)
    ----------------------------------------
    Total                      1.101ns (0.474ns logic, 0.627ns route)
                                       (43.0% logic, 57.0% route)

=========================================================================

Cross Clock Domains Report:
--------------------------

Clock to Setup on destination clock clk_r
---------------+---------+---------+---------+---------+
               | Src:Rise| Src:Fall| Src:Rise| Src:Fall|
Source Clock   |Dest:Rise|Dest:Rise|Dest:Fall|Dest:Fall|
---------------+---------+---------+---------+---------+
clk_w          |    1.149|         |         |         |
---------------+---------+---------+---------+---------+

=========================================================================


Total REAL time to Xst completion: 9.00 secs
Total CPU time to Xst completion: 9.58 secs
 
--> 

Total memory usage is 4618096 kilobytes

Number of errors   :    0 (   0 filtered)
Number of warnings :    0 (   0 filtered)
Number of infos    :    2 (   0 filtered)

