ISim log file
Running: C:\Users\jvmom\OneDrive\Escritorio\5to Semestre\Arquitectura de Computadoras\eliminador_rebote\eliminador_rebotes_isim_beh.exe -intstyle ise -gui -tclbatch isim.cmd -wdb C:/Users/jvmom/OneDrive/Escritorio/5to Semestre/Arquitectura de Computadoras/eliminador_rebote/eliminador_rebotes_isim_beh.wdb 
ISim P.20131013 (signature 0x7708f090)
WARNING: A WEBPACK license was found.
WARNING: Please use Xilinx License Configuration Manager to check out a full ISim license.
WARNING: ISim will run in Lite mode. Please refer to the ISim documentation for more information on the differences between the Lite and the Full version.
This is a Lite version of ISim.
Time resolution is 1 ps
# onerror resume
# wave add /
# run 1000 ns
Simulator is doing circuit initialization process.
Finished circuit initialization process.
# isim force add /eliminador_rebotes/clk 0 -radix bin -value 1 -radix bin -time 500 ps -repeat 1 ns
# isim force add /eliminador_rebotes/clr 1 -radix bin
# isim force add /eliminador_rebotes/en 0 -radix bin
# restart
# restart
# run 1.00ns
Simulator is doing circuit initialization process.
Finished circuit initialization process.
# isim force add /eliminador_rebotes/clk 0 -radix bin -value 1 -radix bin -time 500 ps -repeat 1 ns
# run 1.00ns
# isim force add /eliminador_rebotes/clr 1 -radix bin
# isim force add /eliminador_rebotes/en 0 -radix bin
# run 1.00ns
