--------------------------------------------------------------------------------
Release 14.7 Trace  (nt64)
Copyright (c) 1995-2013 Xilinx, Inc.  All rights reserved.

C:\Xilinx\14.7\ISE_DS\ISE\bin\nt64\unwrapped\trce.exe -intstyle ise -v 3 -s 3
-n 3 -fastpaths -xml proc_mono.twx proc_mono.ncd -o proc_mono.twr proc_mono.pcf
-ucf proc_mono.ucf

Design file:              proc_mono.ncd
Physical constraint file: proc_mono.pcf
Device,package,speed:     xc6slx16,csg324,C,-3 (PRODUCTION 1.23 2013-10-13)
Report level:             verbose report

Environment Variable      Effect 
--------------------      ------ 
NONE                      No environment variables were set
--------------------------------------------------------------------------------

INFO:Timing:2698 - No timing constraints found, doing default enumeration.
INFO:Timing:3412 - To improve timing, see the Timing Closure User Guide (UG612).
INFO:Timing:2752 - To get complete path coverage, use the unconstrained paths 
   option. All paths that are not constrained will be reported in the 
   unconstrained paths section(s) of the report.
INFO:Timing:3339 - The clock-to-out numbers in this timing report are based on 
   a 50 Ohm transmission line loading model.  For the details of this model, 
   and for more information on accounting for different loading conditions, 
   please see the device datasheet.



Data Sheet report:
-----------------
All values displayed in nanoseconds (ns)

Setup/Hold to clock clk
------------+------------+------------+------------+------------+------------------+--------+
            |Max Setup to|  Process   |Max Hold to |  Process   |                  | Clock  |
Source      | clk (edge) |   Corner   | clk (edge) |   Corner   |Internal Clock(s) | Phase  |
------------+------------+------------+------------+------------+------------------+--------+
clr         |    6.233(R)|      SLOW  |   -1.577(R)|      FAST  |clk_BUFGP         |   0.000|
------------+------------+------------+------------+------------+------------------+--------+

Clock clk to Pad
------------+-----------------+------------+-----------------+------------+------------------+--------+
            |Max (slowest) clk|  Process   |Min (fastest) clk|  Process   |                  | Clock  |
Destination |  (edge) to PAD  |   Corner   |  (edge) to PAD  |   Corner   |Internal Clock(s) | Phase  |
------------+-----------------+------------+-----------------+------------+------------------+--------+
portb<0>    |         8.502(R)|      SLOW  |         4.578(R)|      FAST  |clk_BUFGP         |   0.000|
portb<1>    |         8.086(R)|      SLOW  |         4.335(R)|      FAST  |clk_BUFGP         |   0.000|
portb<2>    |         7.927(R)|      SLOW  |         4.227(R)|      FAST  |clk_BUFGP         |   0.000|
portb<3>    |         8.326(R)|      SLOW  |         4.489(R)|      FAST  |clk_BUFGP         |   0.000|
portb<4>    |         7.874(R)|      SLOW  |         4.118(R)|      FAST  |clk_BUFGP         |   0.000|
portb<5>    |         8.304(R)|      SLOW  |         4.390(R)|      FAST  |clk_BUFGP         |   0.000|
portb<6>    |         8.186(R)|      SLOW  |         4.342(R)|      FAST  |clk_BUFGP         |   0.000|
portb<7>    |         8.159(R)|      SLOW  |         4.327(R)|      FAST  |clk_BUFGP         |   0.000|
------------+-----------------+------------+-----------------+------------+------------------+--------+

Clock to Setup on destination clock clk
---------------+---------+---------+---------+---------+
               | Src:Rise| Src:Fall| Src:Rise| Src:Fall|
Source Clock   |Dest:Rise|Dest:Rise|Dest:Fall|Dest:Fall|
---------------+---------+---------+---------+---------+
clk            |   12.544|         |         |         |
---------------+---------+---------+---------+---------+


Analysis completed Mon Jun 19 17:21:42 2023 
--------------------------------------------------------------------------------

Trace Settings:
-------------------------
Trace Settings 

Peak Memory Usage: 4575 MB



