ISim log file
Running: D:\XIMENA\Escritorio\arqui\Procesador\program conter\program_conter\program_conter_isim_beh.exe -intstyle ise -gui -tclbatch isim.cmd -wdb D:/XIMENA/Escritorio/arqui/Procesador/program conter/program_conter/program_conter_isim_beh.wdb 
ISim P.20131013 (signature 0x7708f090)
WARNING: A WEBPACK license was found.
WARNING: Please use Xilinx License Configuration Manager to check out a full ISim license.
WARNING: ISim will run in Lite mode. Please refer to the ISim documentation for more information on the differences between the Lite and the Full version.
This is a Lite version of ISim.
Time resolution is 1 ps
# onerror resume
# wave add /
# run 1000 ns
Simulator is doing circuit initialization process.
Finished circuit initialization process.
# restart
# isim force add /program_conter/clk 0 -radix bin -value 1 -radix bin -time 500 ps -repeat 1 ns
# isim force add /program_conter/clr 1 -radix bin
# run 1.00ns
Simulator is doing circuit initialization process.
Finished circuit initialization process.
# isim force add /program_conter/clr 0 -radix bin
# run 1.00ns
# restart
# restart
# restart
# restart
# restart
# restart
# isim force add /program_conter/clk 0 -radix bin -value 1 -radix bin -time 500 ps -repeat 1 ns
# run 1.00ns
Simulator is doing circuit initialization process.
Finished circuit initialization process.
# run 1.00ns
# isim force add /program_conter/clr 1 -radix bin
# run 1.00ns
# isim force add /program_conter/clr 0 -radix bin
# run 1.00ns
# run 1.00ns
# isim force add /program_conter/clr 1 -radix bin
# run 1.00ns
# run 1.00ns
# run 1.00ns
# run 1.00ns
# isim force add /program_conter/clk 1 -radix bin
# run 1.00ns
# isim force add /program_conter/clr 0 -radix bin
# run 1.00ns
# run 1.00ns
# run 1.00ns
