Command line:
   SRAM_isim_beh.exe
     -simmode  gui
     -simrunnum  0
     -socket  54571

Wed Mar 15 17:09:02 2023


 Elaboration Time: 0.046875 sec

 Current Memory Usage: 5150.88 Meg

 Total Signals          : 6
 Total Nets             : 279
 Total Signal Drivers   : 2
 Total Blocks           : 4
 Total Primitive Blocks : 4
 Total Processes        : 2
 Total Traceable Variables  : 10
 Total Scalar Nets and Variables : 657
Total Line Count : 3

 Total Simulation Time: 0.0625 sec

 Current Memory Usage: 4679.02 Meg

Wed Mar 15 17:11:17 2023

