Release 14.7 - xst P.20131013 (nt64)
Copyright (c) 1995-2013 Xilinx, Inc.  All rights reserved.
--> Parameter TMPDIR set to xst/projnav.tmp


Total REAL time to Xst completion: 0.00 secs
Total CPU time to Xst completion: 0.10 secs
 
--> Parameter xsthdpdir set to xst


Total REAL time to Xst completion: 0.00 secs
Total CPU time to Xst completion: 0.10 secs
 
--> Reading design: instruccion_top.prj

TABLE OF CONTENTS
  1) Synthesis Options Summary
  2) HDL Parsing
  3) HDL Elaboration
  4) HDL Synthesis
       4.1) HDL Synthesis Report
  5) Advanced HDL Synthesis
       5.1) Advanced HDL Synthesis Report
  6) Low Level Synthesis
  7) Partition Report
  8) Design Summary
       8.1) Primitive and Black Box Usage
       8.2) Device utilization summary
       8.3) Partition Resource Summary
       8.4) Timing Report
            8.4.1) Clock Information
            8.4.2) Asynchronous Control Signals Information
            8.4.3) Timing Summary
            8.4.4) Timing Details
            8.4.5) Cross Clock Domains Report


=========================================================================
*                      Synthesis Options Summary                        *
=========================================================================
---- Source Parameters
Input File Name                    : "instruccion_top.prj"
Ignore Synthesis Constraint File   : NO

---- Target Parameters
Output File Name                   : "instruccion_top"
Output Format                      : NGC
Target Device                      : xc7a100t-3-csg324

---- Source Options
Top Module Name                    : instruccion_top
Automatic FSM Extraction           : YES
FSM Encoding Algorithm             : Auto
Safe Implementation                : No
FSM Style                          : LUT
RAM Extraction                     : Yes
RAM Style                          : Auto
ROM Extraction                     : Yes
Shift Register Extraction          : YES
ROM Style                          : Auto
Resource Sharing                   : YES
Asynchronous To Synchronous        : NO
Shift Register Minimum Size        : 2
Use DSP Block                      : Auto
Automatic Register Balancing       : No

---- Target Options
LUT Combining                      : Auto
Reduce Control Sets                : Auto
Add IO Buffers                     : YES
Global Maximum Fanout              : 100000
Add Generic Clock Buffer(BUFG)     : 32
Register Duplication               : YES
Optimize Instantiated Primitives   : NO
Use Clock Enable                   : Auto
Use Synchronous Set                : Auto
Use Synchronous Reset              : Auto
Pack IO Registers into IOBs        : Auto
Equivalent register Removal        : YES

---- General Options
Optimization Goal                  : Speed
Optimization Effort                : 1
Power Reduction                    : NO
Keep Hierarchy                     : No
Netlist Hierarchy                  : As_Optimized
RTL Output                         : Yes
Global Optimization                : AllClockNets
Read Cores                         : YES
Write Timing Constraints           : NO
Cross Clock Analysis               : NO
Hierarchy Separator                : /
Bus Delimiter                      : <>
Case Specifier                     : Maintain
Slice Utilization Ratio            : 100
BRAM Utilization Ratio             : 100
DSP48 Utilization Ratio            : 100
Auto BRAM Packing                  : NO
Slice Utilization Ratio Delta      : 5

=========================================================================


=========================================================================
*                          HDL Parsing                                  *
=========================================================================
Parsing VHDL file "D:\Arquitectura\Practica1 - copia\registro\registro.vhd" into library work
Parsing entity <registro>.
Parsing architecture <Behavioral> of entity <registro>.
Parsing VHDL file "D:\Arquitectura\Practica1 - copia\U_control\U_control.vhd" into library work
Parsing entity <U_control>.
Parsing architecture <Behavioral> of entity <u_control>.
Parsing VHDL file "D:\Arquitectura\Practica1 - copia\ruta\ruta.vhd" into library work
Parsing entity <ruta>.
Parsing architecture <Behavioral> of entity <ruta>.
Parsing VHDL file "D:\Arquitectura\Practica1 - copia\instruccion_top\instruccion_top.vhd" into library work
Parsing entity <instruccion_top>.
Parsing architecture <Behavioral> of entity <instruccion_top>.

=========================================================================
*                            HDL Elaboration                            *
=========================================================================

Elaborating entity <instruccion_top> (architecture <Behavioral>) from library <work>.

Elaborating entity <U_control> (architecture <Behavioral>) from library <work>.

Elaborating entity <ruta> (architecture <Behavioral>) from library <work>.

Elaborating entity <registro> (architecture <Behavioral>) from library <work>.

=========================================================================
*                           HDL Synthesis                               *
=========================================================================

Synthesizing Unit <instruccion_top>.
    Related source file is "D:\Arquitectura\Practica1 - copia\instruccion_top\instruccion_top.vhd".
    Summary:
	no macro.
Unit <instruccion_top> synthesized.

Synthesizing Unit <U_control>.
    Related source file is "D:\Arquitectura\Practica1 - copia\U_control\U_control.vhd".
    Found 2-bit register for signal <edo_pres>.
    Found finite state machine <FSM_0> for signal <edo_pres>.
    -----------------------------------------------------------------------
    | States             | 3                                              |
    | Transitions        | 4                                              |
    | Inputs             | 1                                              |
    | Outputs            | 5                                              |
    | Clock              | clk (rising_edge)                              |
    | Reset              | clr (positive)                                 |
    | Reset type         | asynchronous                                   |
    | Reset State        | carga                                          |
    | Power Up State     | carga                                          |
    | Encoding           | auto                                           |
    | Implementation     | LUT                                            |
    -----------------------------------------------------------------------
    Summary:
	inferred   1 Finite State Machine(s).
Unit <U_control> synthesized.

Synthesizing Unit <ruta>.
    Related source file is "D:\Arquitectura\Practica1 - copia\ruta\ruta.vhd".
    Summary:
	inferred   1 Multiplexer(s).
Unit <ruta> synthesized.

Synthesizing Unit <registro>.
    Related source file is "D:\Arquitectura\Practica1 - copia\registro\registro.vhd".
    Found 8-bit register for signal <qaux>.
    Summary:
	inferred   8 D-type flip-flop(s).
	inferred   2 Multiplexer(s).
Unit <registro> synthesized.

=========================================================================
HDL Synthesis Report

Macro Statistics
# Registers                                            : 2
 8-bit register                                        : 2
# Multiplexers                                         : 5
 8-bit 2-to-1 multiplexer                              : 5
# FSMs                                                 : 1
# Xors                                                 : 1
 9-bit xor2                                            : 1

=========================================================================

=========================================================================
*                       Advanced HDL Synthesis                          *
=========================================================================


=========================================================================
Advanced HDL Synthesis Report

Macro Statistics
# Registers                                            : 16
 Flip-Flops                                            : 16
# Multiplexers                                         : 19
 1-bit 2-to-1 multiplexer                              : 16
 8-bit 2-to-1 multiplexer                              : 3
# FSMs                                                 : 1
# Xors                                                 : 1
 9-bit xor2                                            : 1

=========================================================================

=========================================================================
*                         Low Level Synthesis                           *
=========================================================================
Analyzing FSM <MFsm> for best encoding.
Optimizing FSM <FSM_0> on signal <edo_pres[1:3]> with one-hot encoding.
-------------------
 State | Encoding
-------------------
 carga | 001
 suma  | 100
 final | 010
-------------------

Optimizing unit <instruccion_top> ...

Optimizing unit <registro> ...

Mapping all equations...
Building and optimizing final netlist ...
Found area constraint ratio of 100 (+ 5) on block instruccion_top, actual ratio is 0.

Final Macro Processing ...

=========================================================================
Final Register Report

Macro Statistics
# Registers                                            : 19
 Flip-Flops                                            : 19

=========================================================================

=========================================================================
*                           Partition Report                            *
=========================================================================

Partition Implementation Status
-------------------------------

  No Partitions were found in this design.

-------------------------------

=========================================================================
*                            Design Summary                             *
=========================================================================

Top Level Output File Name         : instruccion_top.ngc

Primitive and Black Box Usage:
------------------------------
# BELS                             : 25
#      GND                         : 1
#      INV                         : 2
#      LUT2                        : 4
#      LUT3                        : 7
#      LUT5                        : 2
#      LUT6                        : 9
# FlipFlops/Latches                : 19
#      FDC                         : 2
#      FDCE                        : 16
#      FDP                         : 1
# Clock Buffers                    : 1
#      BUFGP                       : 1
# IO Buffers                       : 29
#      IBUF                        : 18
#      OBUF                        : 11

Device utilization summary:
---------------------------

Selected Device : 7a100tcsg324-3 


Slice Logic Utilization: 
 Number of Slice Registers:              19  out of  126800     0%  
 Number of Slice LUTs:                   24  out of  63400     0%  
    Number used as Logic:                24  out of  63400     0%  

Slice Logic Distribution: 
 Number of LUT Flip Flop pairs used:     24
   Number with an unused Flip Flop:       5  out of     24    20%  
   Number with an unused LUT:             0  out of     24     0%  
   Number of fully used LUT-FF pairs:    19  out of     24    79%  
   Number of unique control sets:         3

IO Utilization: 
 Number of IOs:                          30
 Number of bonded IOBs:                  30  out of    210    14%  

Specific Feature Utilization:
 Number of BUFG/BUFGCTRLs:                1  out of     32     3%  

---------------------------
Partition Resource Summary:
---------------------------

  No Partitions were found in this design.

---------------------------


=========================================================================
Timing Report

NOTE: THESE TIMING NUMBERS ARE ONLY A SYNTHESIS ESTIMATE.
      FOR ACCURATE TIMING INFORMATION PLEASE REFER TO THE TRACE REPORT
      GENERATED AFTER PLACE-and-ROUTE.

Clock Information:
------------------
-----------------------------------+------------------------+-------+
Clock Signal                       | Clock buffer(FF name)  | Load  |
-----------------------------------+------------------------+-------+
clk                                | BUFGP                  | 19    |
-----------------------------------+------------------------+-------+

Asynchronous Control Signals Information:
----------------------------------------
No asynchronous control signals found in this design

Timing Summary:
---------------
Speed Grade: -3

   Minimum period: 1.197ns (Maximum Frequency: 835.492MHz)
   Minimum input arrival time before clock: 0.799ns
   Maximum output required time after clock: 2.230ns
   Maximum combinational path delay: No path found

Timing Details:
---------------
All values displayed in nanoseconds (ns)

=========================================================================
Timing constraint: Default period analysis for Clock 'clk'
  Clock period: 1.197ns (frequency: 835.492MHz)
  Total number of paths / destination ports: 72 / 35
-------------------------------------------------------------------------
Delay:               1.197ns (Levels of Logic = 1)
  Source:            cto1/edo_pres_FSM_FFd2 (FF)
  Destination:       cto2/registro_d/qaux_7 (FF)
  Source Clock:      clk rising
  Destination Clock: clk rising

  Data Path: cto1/edo_pres_FSM_FFd2 to cto2/registro_d/qaux_7
                                Gate     Net
    Cell:in->out      fanout   Delay   Delay  Logical Name (Net Name)
    ----------------------------------------  ------------
     FDC:C->Q              9   0.361   0.316  cto1/edo_pres_FSM_FFd2 (cto1/edo_pres_FSM_FFd2)
     INV:I->O              8   0.113   0.311  cto2/registro_d/_n0017_inv1_INV_0 (cto2/registro_d/_n0017_inv)
     FDCE:CE                   0.095          cto2/registro_d/qaux_0
    ----------------------------------------
    Total                      1.197ns (0.569ns logic, 0.628ns route)
                                       (47.5% logic, 52.5% route)

=========================================================================
Timing constraint: Default OFFSET IN BEFORE for Clock 'clk'
  Total number of paths / destination ports: 37 / 37
-------------------------------------------------------------------------
Offset:              0.799ns (Levels of Logic = 2)
  Source:            D<6> (PAD)
  Destination:       cto2/registro_d/qaux_6 (FF)
  Destination Clock: clk rising

  Data Path: D<6> to cto2/registro_d/qaux_6
                                Gate     Net
    Cell:in->out      fanout   Delay   Delay  Logical Name (Net Name)
    ----------------------------------------  ------------
     IBUF:I->O             1   0.001   0.693  D_6_IBUF (D_6_IBUF)
     LUT6:I0->O            1   0.097   0.000  cto2/registro_d/Mmux_s[1]_qaux[7]_wide_mux_0_OUT71 (cto2/registro_d/s[1]_qaux[7]_wide_mux_0_OUT<6>)
     FDCE:D                    0.008          cto2/registro_d/qaux_6
    ----------------------------------------
    Total                      0.799ns (0.106ns logic, 0.693ns route)
                                       (13.3% logic, 86.7% route)

=========================================================================
Timing constraint: Default OFFSET OUT AFTER for Clock 'clk'
  Total number of paths / destination ports: 26 / 10
-------------------------------------------------------------------------
Offset:              2.230ns (Levels of Logic = 3)
  Source:            cto2/registro_r/qaux_7 (FF)
  Destination:       Z (PAD)
  Source Clock:      clk rising

  Data Path: cto2/registro_r/qaux_7 to Z
                                Gate     Net
    Cell:in->out      fanout   Delay   Delay  Logical Name (Net Name)
    ----------------------------------------  ------------
     FDCE:C->Q             5   0.361   0.712  cto2/registro_r/qaux_7 (cto2/registro_r/qaux_7)
     LUT6:I0->O            1   0.097   0.683  cto2/Z3_SW0 (N4)
     LUT6:I1->O            1   0.097   0.279  cto2/Z3 (Z_OBUF)
     OBUF:I->O                 0.000          Z_OBUF (Z)
    ----------------------------------------
    Total                      2.230ns (0.555ns logic, 1.675ns route)
                                       (24.9% logic, 75.1% route)

=========================================================================

Cross Clock Domains Report:
--------------------------

Clock to Setup on destination clock clk
---------------+---------+---------+---------+---------+
               | Src:Rise| Src:Fall| Src:Rise| Src:Fall|
Source Clock   |Dest:Rise|Dest:Rise|Dest:Fall|Dest:Fall|
---------------+---------+---------+---------+---------+
clk            |    1.197|         |         |         |
---------------+---------+---------+---------+---------+

=========================================================================


Total REAL time to Xst completion: 7.00 secs
Total CPU time to Xst completion: 7.36 secs
 
--> 

Total memory usage is 4684524 kilobytes

Number of errors   :    0 (   0 filtered)
Number of warnings :    0 (   0 filtered)
Number of infos    :    0 (   0 filtered)

