Command line:
   ram_isim_beh.exe
     -simmode  gui
     -simrunnum  0
     -socket  50173

Wed Oct 19 19:18:35 2022


 Elaboration Time: 0.046875 sec

 Current Memory Usage: 5162.82 Meg

 Total Signals          : 8
 Total Nets             : 16415
 Total Signal Drivers   : 4
 Total Blocks           : 4
 Total Primitive Blocks : 4
 Total Processes        : 4
 Total Traceable Variables  : 10
 Total Scalar Nets and Variables : 16793
Total Line Count : 6

 Total Simulation Time: 0.296875 sec

 Current Memory Usage: 4690.96 Meg

Wed Oct 19 19:23:11 2022

